{"/home/best/Documentos/Projectos/instachat/instachatAPI/src/api/app.ts": {"path":"/home/best/Documentos/Projectos/instachat/instachatAPI/src/api/app.ts","statementMap":{"0":{"start":{"line":1,"column":0},"end":{"line":1,"column":31}},"1":{"start":{"line":2,"column":0},"end":{"line":2,"column":25}},"2":{"start":{"line":4,"column":12},"end":{"line":4,"column":21}},"3":{"start":{"line":6,"column":0},"end":{"line":6,"column":16}},"4":{"start":{"line":7,"column":0},"end":{"line":7,"column":24}},"5":{"start":{"line":8,"column":0},"end":{"line":10,"column":3}},"6":{"start":{"line":9,"column":1},"end":{"line":9,"column":21}},"7":{"start":{"line":12,"column":0},"end":{"line":12,"column":19}}},"fnMap":{"0":{"name":"(anonymous_1)","decl":{"start":{"line":8,"column":19},"end":{"line":8,"column":20}},"loc":{"start":{"line":8,"column":32},"end":{"line":10,"column":1}}}},"branchMap":{},"s":{"0":1,"1":1,"2":1,"3":1,"4":1,"5":1,"6":1,"7":1},"f":{"0":1},"b":{}}
,"/home/best/Documentos/Projectos/instachat/instachatAPI/src/api/toTest.ts": {"path":"/home/best/Documentos/Projectos/instachat/instachatAPI/src/api/toTest.ts","statementMap":{"0":{"start":{"line":2,"column":1},"end":{"line":2,"column":14}},"1":{"start":{"line":1,"column":0},"end":{"line":1,"column":24}}},"fnMap":{"0":{"name":"returnInt","decl":{"start":{"line":1,"column":24},"end":{"line":1,"column":33}},"loc":{"start":{"line":1,"column":47},"end":{"line":3,"column":1}}}},"branchMap":{},"s":{"0":1,"1":1},"f":{"0":1},"b":{}}
,"/home/best/Documentos/Projectos/instachat/instachatAPI/src/api/Models/ChatGeneratorModel.ts": {"path":"/home/best/Documentos/Projectos/instachat/instachatAPI/src/api/Models/ChatGeneratorModel.ts","statementMap":{"0":{"start":{"line":1,"column":0},"end":{"line":1,"column":53}},"1":{"start":{"line":8,"column":2},"end":{"line":46,"column":5}},"2":{"start":{"line":10,"column":3},"end":{"line":44,"column":null}},"3":{"start":{"line":12,"column":4},"end":{"line":36,"column":6}},"4":{"start":{"line":21,"column":6},"end":{"line":26,"column":null}},"5":{"start":{"line":22,"column":7},"end":{"line":25,"column":10}},"6":{"start":{"line":28,"column":6},"end":{"line":34,"column":9}},"7":{"start":{"line":40,"column":4},"end":{"line":43,"column":7}},"8":{"start":{"line":4,"column":0},"end":{"line":4,"column":21}}},"fnMap":{"0":{"name":"(anonymous_1)","decl":{"start":{"line":6,"column":1},"end":{"line":6,"column":22}},"loc":{"start":{"line":6,"column":33},"end":{"line":47,"column":2}}},"1":{"name":"(anonymous_2)","decl":{"start":{"line":8,"column":22},"end":{"line":8,"column":23}},"loc":{"start":{"line":8,"column":42},"end":{"line":46,"column":3}}},"2":{"name":"(anonymous_3)","decl":{"start":{"line":19,"column":5},"end":{"line":19,"column":6}},"loc":{"start":{"line":19,"column":34},"end":{"line":35,"column":6}}}},"branchMap":{"0":{"loc":{"start":{"line":21,"column":6},"end":{"line":26,"column":null}},"type":"if","locations":[{"start":{"line":21,"column":6},"end":{"line":26,"column":null}},{"start":{"line":21,"column":6},"end":{"line":26,"column":null}}]}},"s":{"0":1,"1":2,"2":2,"3":2,"4":2,"5":0,"6":2,"7":0,"8":1},"f":{"0":2,"1":2,"2":2},"b":{"0":[0,2]}}
,"/home/best/Documentos/Projectos/instachat/instachatAPI/src/config/database/connection.ts": {"path":"/home/best/Documentos/Projectos/instachat/instachatAPI/src/config/database/connection.ts","statementMap":{"0":{"start":{"line":1,"column":0},"end":{"line":1,"column":35}},"1":{"start":{"line":2,"column":0},"end":{"line":2,"column":27}},"2":{"start":{"line":4,"column":0},"end":{"line":11,"column":3}}},"fnMap":{},"branchMap":{},"s":{"0":1,"1":1,"2":1},"f":{},"b":{}}
}
