{"/home/best/Documentos/Projectos/instachat/instachatAPI/src/api/app.ts": {"path":"/home/best/Documentos/Projectos/instachat/instachatAPI/src/api/app.ts","statementMap":{"0":{"start":{"line":1,"column":0},"end":{"line":1,"column":34}},"1":{"start":{"line":2,"column":0},"end":{"line":2,"column":28}},"2":{"start":{"line":5,"column":0},"end":{"line":5,"column":60}},"3":{"start":{"line":7,"column":15},"end":{"line":7,"column":24}},"4":{"start":{"line":8,"column":19},"end":{"line":8,"column":26}},"5":{"start":{"line":10,"column":0},"end":{"line":10,"column":16}},"6":{"start":{"line":11,"column":0},"end":{"line":11,"column":24}},"7":{"start":{"line":13,"column":0},"end":{"line":13,"column":48}},"8":{"start":{"line":15,"column":0},"end":{"line":15,"column":19}}},"fnMap":{},"branchMap":{},"s":{"0":1,"1":1,"2":1,"3":1,"4":1,"5":1,"6":1,"7":1,"8":1},"f":{},"b":{}}
,"/home/best/Documentos/Projectos/instachat/instachatAPI/src/api/toTest.ts": {"path":"/home/best/Documentos/Projectos/instachat/instachatAPI/src/api/toTest.ts","statementMap":{"0":{"start":{"line":2,"column":1},"end":{"line":2,"column":14}},"1":{"start":{"line":1,"column":0},"end":{"line":1,"column":24}}},"fnMap":{"0":{"name":"returnInt","decl":{"start":{"line":1,"column":24},"end":{"line":1,"column":33}},"loc":{"start":{"line":1,"column":47},"end":{"line":3,"column":1}}}},"branchMap":{},"s":{"0":1,"1":1},"f":{"0":1},"b":{}}
,"/home/best/Documentos/Projectos/instachat/instachatAPI/src/api/Controllers/ChatGeneratorController.ts": {"path":"/home/best/Documentos/Projectos/instachat/instachatAPI/src/api/Controllers/ChatGeneratorController.ts","statementMap":{"0":{"start":{"line":1,"column":0},"end":{"line":1,"column":64}},"1":{"start":{"line":10,"column":2},"end":{"line":10,"column":53}},"2":{"start":{"line":11,"column":2},"end":{"line":11,"column":52}},"3":{"start":{"line":16,"column":28},"end":{"line":16,"column":40}},"4":{"start":{"line":18,"column":34},"end":{"line":24,"column":18}},"5":{"start":{"line":26,"column":2},"end":{"line":39,"column":32}},"6":{"start":{"line":28,"column":3},"end":{"line":38,"column":null}},"7":{"start":{"line":30,"column":4},"end":{"line":34,"column":7}},"8":{"start":{"line":37,"column":4},"end":{"line":37,"column":58}},"9":{"start":{"line":5,"column":0},"end":{"line":5,"column":21}}},"fnMap":{"0":{"name":"(anonymous_8)","decl":{"start":{"line":9,"column":1},"end":{"line":9,"column":null}},"loc":{"start":{"line":9,"column":1},"end":{"line":12,"column":2}}},"1":{"name":"(anonymous_9)","decl":{"start":{"line":14,"column":7},"end":{"line":14,"column":19}},"loc":{"start":{"line":14,"column":56},"end":{"line":40,"column":null}}},"2":{"name":"(anonymous_11)","decl":{"start":{"line":26,"column":100},"end":{"line":26,"column":112}},"loc":{"start":{"line":26,"column":115},"end":{"line":39,"column":3}}}},"branchMap":{"0":{"loc":{"start":{"line":24,"column":6},"end":{"line":24,"column":10}},"type":"cond-expr","locations":[{"start":{"line":24,"column":6},"end":{"line":24,"column":10}},{"start":{"line":24,"column":13},"end":{"line":24,"column":18}}]},"1":{"loc":{"start":{"line":20,"column":3},"end":{"line":20,"column":35}},"type":"binary-expr","locations":[{"start":{"line":20,"column":3},"end":{"line":20,"column":35}},{"start":{"line":21,"column":5},"end":{"line":21,"column":32}},{"start":{"line":21,"column":38},"end":{"line":21,"column":63}}]},"2":{"loc":{"start":{"line":26,"column":35},"end":{"line":39,"column":4}},"type":"cond-expr","locations":[{"start":{"line":26,"column":35},"end":{"line":39,"column":4}},{"start":{"line":39,"column":7},"end":{"line":39,"column":31}}]},"3":{"loc":{"start":{"line":28,"column":3},"end":{"line":38,"column":null}},"type":"if","locations":[{"start":{"line":28,"column":3},"end":{"line":38,"column":null}},{"start":{"line":28,"column":3},"end":{"line":38,"column":null}}]}},"s":{"0":1,"1":1,"2":1,"3":2,"4":2,"5":2,"6":1,"7":1,"8":0,"9":1},"f":{"0":1,"1":2,"2":1},"b":{"0":[1,1],"1":[2,2,2],"2":[1,1],"3":[1,0]}}
,"/home/best/Documentos/Projectos/instachat/instachatAPI/src/api/Models/ChatGeneratorModel.ts": {"path":"/home/best/Documentos/Projectos/instachat/instachatAPI/src/api/Models/ChatGeneratorModel.ts","statementMap":{"0":{"start":{"line":1,"column":0},"end":{"line":1,"column":53}},"1":{"start":{"line":8,"column":2},"end":{"line":46,"column":5}},"2":{"start":{"line":10,"column":3},"end":{"line":44,"column":null}},"3":{"start":{"line":12,"column":4},"end":{"line":36,"column":6}},"4":{"start":{"line":21,"column":6},"end":{"line":26,"column":null}},"5":{"start":{"line":22,"column":7},"end":{"line":25,"column":10}},"6":{"start":{"line":28,"column":6},"end":{"line":34,"column":9}},"7":{"start":{"line":40,"column":4},"end":{"line":43,"column":7}},"8":{"start":{"line":4,"column":0},"end":{"line":4,"column":21}}},"fnMap":{"0":{"name":"(anonymous_1)","decl":{"start":{"line":6,"column":1},"end":{"line":6,"column":22}},"loc":{"start":{"line":6,"column":33},"end":{"line":47,"column":2}}},"1":{"name":"(anonymous_2)","decl":{"start":{"line":8,"column":22},"end":{"line":8,"column":23}},"loc":{"start":{"line":8,"column":42},"end":{"line":46,"column":3}}},"2":{"name":"(anonymous_3)","decl":{"start":{"line":19,"column":5},"end":{"line":19,"column":6}},"loc":{"start":{"line":19,"column":34},"end":{"line":35,"column":6}}}},"branchMap":{"0":{"loc":{"start":{"line":21,"column":6},"end":{"line":26,"column":null}},"type":"if","locations":[{"start":{"line":21,"column":6},"end":{"line":26,"column":null}},{"start":{"line":21,"column":6},"end":{"line":26,"column":null}}]}},"s":{"0":2,"1":3,"2":3,"3":3,"4":3,"5":0,"6":3,"7":0,"8":2},"f":{"0":3,"1":3,"2":3},"b":{"0":[0,3]}}
,"/home/best/Documentos/Projectos/instachat/instachatAPI/src/api/Routes/ChatGeneratorRoute.ts": {"path":"/home/best/Documentos/Projectos/instachat/instachatAPI/src/api/Routes/ChatGeneratorRoute.ts","statementMap":{"0":{"start":{"line":1,"column":0},"end":{"line":1,"column":77}},"1":{"start":{"line":2,"column":0},"end":{"line":2,"column":36}},"2":{"start":{"line":4,"column":20},"end":{"line":4,"column":28}},"3":{"start":{"line":5,"column":32},"end":{"line":5,"column":61}},"4":{"start":{"line":7,"column":0},"end":{"line":7,"column":69}},"5":{"start":{"line":9,"column":0},"end":{"line":9,"column":22}}},"fnMap":{},"branchMap":{},"s":{"0":1,"1":1,"2":1,"3":1,"4":1,"5":1},"f":{},"b":{}}
,"/home/best/Documentos/Projectos/instachat/instachatAPI/src/api/Services/GenerateHashService.ts": {"path":"/home/best/Documentos/Projectos/instachat/instachatAPI/src/api/Services/GenerateHashService.ts","statementMap":{"0":{"start":{"line":1,"column":0},"end":{"line":1,"column":28}},"1":{"start":{"line":3,"column":0},"end":{"line":5,"column":2}},"2":{"start":{"line":4,"column":1},"end":{"line":4,"column":60}}},"fnMap":{"0":{"name":"(anonymous_1)","decl":{"start":{"line":3,"column":15},"end":{"line":3,"column":16}},"loc":{"start":{"line":3,"column":40},"end":{"line":5,"column":1}}}},"branchMap":{},"s":{"0":1,"1":1,"2":1},"f":{"0":1},"b":{}}
,"/home/best/Documentos/Projectos/instachat/instachatAPI/src/config/database/connection.ts": {"path":"/home/best/Documentos/Projectos/instachat/instachatAPI/src/config/database/connection.ts","statementMap":{"0":{"start":{"line":1,"column":0},"end":{"line":1,"column":35}},"1":{"start":{"line":2,"column":0},"end":{"line":2,"column":27}},"2":{"start":{"line":4,"column":0},"end":{"line":11,"column":3}}},"fnMap":{},"branchMap":{},"s":{"0":2,"1":2,"2":2},"f":{},"b":{}}
}
