TN:
SF:src/api/app.ts
FNF:0
FNH:0
DA:1,1
DA:2,1
DA:5,1
DA:7,1
DA:8,1
DA:10,1
DA:11,1
DA:13,1
DA:15,1
LF:9
LH:9
BRF:0
BRH:0
end_of_record
TN:
SF:src/api/toTest.ts
FN:1,returnInt
FNF:1
FNH:1
FNDA:1,returnInt
DA:1,1
DA:2,1
LF:2
LH:2
BRF:0
BRH:0
end_of_record
TN:
SF:src/api/Controllers/ChatGeneratorController.ts
FN:9,(anonymous_8)
FN:14,(anonymous_9)
FN:26,(anonymous_11)
FNF:3
FNH:3
FNDA:1,(anonymous_8)
FNDA:2,(anonymous_9)
FNDA:1,(anonymous_11)
DA:1,1
DA:5,1
DA:10,1
DA:11,1
DA:16,2
DA:18,2
DA:26,2
DA:28,1
DA:30,1
DA:37,0
LF:10
LH:9
BRDA:24,0,0,1
BRDA:24,0,1,1
BRDA:20,1,0,2
BRDA:20,1,1,2
BRDA:20,1,2,2
BRDA:26,2,0,1
BRDA:26,2,1,1
BRDA:28,3,0,1
BRDA:28,3,1,0
BRF:9
BRH:8
end_of_record
TN:
SF:src/api/Models/ChatGeneratorModel.ts
FN:6,(anonymous_1)
FN:8,(anonymous_2)
FN:19,(anonymous_3)
FNF:3
FNH:3
FNDA:3,(anonymous_1)
FNDA:3,(anonymous_2)
FNDA:3,(anonymous_3)
DA:1,2
DA:4,2
DA:8,3
DA:10,3
DA:12,3
DA:21,3
DA:22,0
DA:28,3
DA:40,0
LF:9
LH:7
BRDA:21,0,0,0
BRDA:21,0,1,3
BRF:2
BRH:1
end_of_record
TN:
SF:src/api/Routes/ChatGeneratorRoute.ts
FNF:0
FNH:0
DA:1,1
DA:2,1
DA:4,1
DA:5,1
DA:7,1
DA:9,1
LF:6
LH:6
BRF:0
BRH:0
end_of_record
TN:
SF:src/api/Services/GenerateHashService.ts
FN:3,(anonymous_1)
FNF:1
FNH:1
FNDA:1,(anonymous_1)
DA:1,1
DA:3,1
DA:4,1
LF:3
LH:3
BRF:0
BRH:0
end_of_record
TN:
SF:src/config/database/connection.ts
FNF:0
FNH:0
DA:1,2
DA:2,2
DA:4,2
LF:3
LH:3
BRF:0
BRH:0
end_of_record
